#
# There is insufficient memory for the Java Runtime Environment to continue.
# Native memory allocation (mmap) failed to map 65536 bytes for Failed to commit area from 0x000002edb31a0000 to 0x000002edb31b0000 of length 65536.
# Possible reasons:
#   The system is out of physical RAM or swap space
#   The process is running with CompressedOops enabled, and the Java Heap may be blocking the growth of the native heap
# Possible solutions:
#   Reduce memory load on the system
#   Increase physical memory or swap space
#   Check if swap backing store is full
#   Decrease Java heap size (-Xmx/-Xms)
#   Decrease number of Java threads
#   Decrease Java thread stack sizes (-Xss)
#   Set larger code cache with -XX:ReservedCodeCacheSize=
# This output file may be truncated or incomplete.
#
#  Out of Memory Error (src/hotspot/os/windows/os_windows.cpp:3627), pid=53808, tid=27188
#
# JRE version:  (11.0.15+10) (build )
# Java VM: OpenJDK 64-Bit Server VM (11.0.15+10-b2043.56, mixed mode, sharing, tiered, compressed oops, g1 gc, windows-amd64)
# No core dump will be written. Minidumps are not enabled by default on client versions of Windows
#

---------------  S U M M A R Y ------------

Command Line: git4idea.http.GitAskPassApp Username for 'https://github.com': 

Host: Intel(R) Core(TM) i7-10870H CPU @ 2.20GHz, 16 cores, 7G,  Windows 11 , 64 bit Build 22000 (10.0.22000.1219)
Time: Fri Nov 18 10:43:10 2022 Eastern Standard Time elapsed time: 0.026079 seconds (0d 0h 0m 0s)

---------------  T H R E A D  ---------------

Current thread (0x000002ed9ef41800):  JavaThread "Unknown thread" [_thread_in_vm, id=27188, stack(0x000000f904d00000,0x000000f904e00000)]

Stack: [0x000000f904d00000,0x000000f904e00000]
Native frames: (J=compiled Java code, j=interpreted, Vv=VM code, C=native code)
V  [jvm.dll+0x61612a]
V  [jvm.dll+0x79c450]
V  [jvm.dll+0x79da6d]
V  [jvm.dll+0x79e143]
V  [jvm.dll+0x24cc18]
V  [jvm.dll+0x613174]
V  [jvm.dll+0x607e55]
V  [jvm.dll+0x30b1cb]
V  [jvm.dll+0x30b13a]
V  [jvm.dll+0x30b012]
V  [jvm.dll+0x310085]
V  [jvm.dll+0x35b4d5]
V  [jvm.dll+0x35bbc6]
V  [jvm.dll+0x35b5c3]
V  [jvm.dll+0x2e5918]
V  [jvm.dll+0x2e6ab7]
V  [jvm.dll+0x7794f7]
V  [jvm.dll+0x77acec]
V  [jvm.dll+0x368a59]
V  [jvm.dll+0x75ce8e]
V  [jvm.dll+0x3d6a33]
V  [jvm.dll+0x3d9001]
C  [jli.dll+0x536b]
C  [ucrtbase.dll+0x26c0c]
C  [KERNEL32.DLL+0x15550]
C  [ntdll.dll+0x485b]


---------------  P R O C E S S  ---------------

Threads class SMR info:
_java_thread_list=0x000002ed9cd168c0, length=0, elements={
}

Java Threads: ( => current thread )

Other Threads:
  0x000002ed9ef5b000 GCTaskThread "GC Thread#0" [stack: 0x000000f904e00000,0x000000f904f00000] [id=48656]
  0x000002ed9ef8d800 ConcurrentGCThread "G1 Main Marker" [stack: 0x000000f904f00000,0x000000f905000000] [id=49204]
  0x000002ed9ef8f800 ConcurrentGCThread "G1 Conc#0" [stack: 0x000000f905000000,0x000000f905100000] [id=53308]

[error occurred during error reporting (printing all threads), id 0xc0000005, EXCEPTION_ACCESS_VIOLATION (0xc0000005) at pc=0x00007fff323c6017]

VM state:not at safepoint (not fully initialized)

VM Mutex/Monitor currently owned by a thread:  ([mutex/lock_event])
[0x000002ed9ef3da20] Heap_lock - owner thread: 0x000002ed9ef41800

Heap address: 0x0000000083800000, size: 1992 MB, Compressed Oops mode: Non-zero based: 0x0000000083800000
Narrow klass base: 0x0000000000000000, Narrow klass shift: 0

GC Heap History (0 events):
No events

Deoptimization events (0 events):
No events

Classes redefined (0 events):
No events

Internal exceptions (0 events):
No events

Events (1 events):
Event: 0.009 Loaded shared library C:\Program Files\JetBrains\IntelliJ IDEA Community Edition 2022.1.3\jbr\bin\zip.dll


Dynamic libraries:
0x00007ff6f77d0000 - 0x00007ff6f77da000 	C:\Program Files\JetBrains\IntelliJ IDEA Community Edition 2022.1.3\jbr\bin\java.exe
0x00007fff897e0000 - 0x00007fff899e9000 	C:\Windows\SYSTEM32\ntdll.dll
0x00007fff887d0000 - 0x00007fff8888e000 	C:\Windows\System32\KERNEL32.DLL
0x00007fff86d80000 - 0x00007fff870fb000 	C:\Windows\System32\KERNELBASE.dll
0x00007fff874c0000 - 0x00007fff875d1000 	C:\Windows\System32\ucrtbase.dll
0x00007fff5e230000 - 0x00007fff5e246000 	C:\Program Files\JetBrains\IntelliJ IDEA Community Edition 2022.1.3\jbr\bin\VCRUNTIME140.dll
0x00007fff5dd50000 - 0x00007fff5dd69000 	C:\Program Files\JetBrains\IntelliJ IDEA Community Edition 2022.1.3\jbr\bin\jli.dll
0x00007fff87be0000 - 0x00007fff87d8d000 	C:\Windows\System32\USER32.dll
0x00007fff6f090000 - 0x00007fff6f335000 	C:\Windows\WinSxS\amd64_microsoft.windows.common-controls_6595b64144ccf1df_6.0.22000.120_none_9d947278b86cc467\COMCTL32.dll
0x00007fff86d50000 - 0x00007fff86d76000 	C:\Windows\System32\win32u.dll
0x00007fff87ea0000 - 0x00007fff87f43000 	C:\Windows\System32\msvcrt.dll
0x00007fff882d0000 - 0x00007fff882f9000 	C:\Windows\System32\GDI32.dll
0x00007fff87170000 - 0x00007fff87288000 	C:\Windows\System32\gdi32full.dll
0x00007fff86cb0000 - 0x00007fff86d4d000 	C:\Windows\System32\msvcp_win.dll
0x00007fff88790000 - 0x00007fff887c2000 	C:\Windows\System32\IMM32.DLL
0x00007fff41bd0000 - 0x00007fff41c7a000 	C:\Program Files\JetBrains\IntelliJ IDEA Community Edition 2022.1.3\jbr\bin\msvcp140.dll
0x00007fff320d0000 - 0x00007fff32c4b000 	C:\Program Files\JetBrains\IntelliJ IDEA Community Edition 2022.1.3\jbr\bin\server\jvm.dll
0x00007fff884a0000 - 0x00007fff8854e000 	C:\Windows\System32\ADVAPI32.dll
0x00007fff87660000 - 0x00007fff876fe000 	C:\Windows\System32\sechost.dll
0x00007fff878d0000 - 0x00007fff879f0000 	C:\Windows\System32\RPCRT4.dll
0x00007fff879f0000 - 0x00007fff879f8000 	C:\Windows\System32\PSAPI.DLL
0x00007fff7d230000 - 0x00007fff7d263000 	C:\Windows\SYSTEM32\WINMM.dll
0x00007fff7ce80000 - 0x00007fff7ce8a000 	C:\Windows\SYSTEM32\VERSION.dll
0x00007fff72470000 - 0x00007fff72479000 	C:\Windows\SYSTEM32\WSOCK32.dll
0x00007fff89640000 - 0x00007fff896af000 	C:\Windows\System32\WS2_32.dll
0x00007fff85e20000 - 0x00007fff85e38000 	C:\Windows\SYSTEM32\kernel.appcore.dll
0x00007fff7d1b0000 - 0x00007fff7d1c1000 	C:\Program Files\JetBrains\IntelliJ IDEA Community Edition 2022.1.3\jbr\bin\verify.dll
0x00007fff84760000 - 0x00007fff84981000 	C:\Windows\SYSTEM32\DBGHELP.DLL
0x00007fff7c2d0000 - 0x00007fff7c301000 	C:\Windows\SYSTEM32\dbgcore.DLL
0x00007fff875e0000 - 0x00007fff8765f000 	C:\Windows\System32\bcryptPrimitives.dll
0x00007fff7b0d0000 - 0x00007fff7b0f9000 	C:\Program Files\JetBrains\IntelliJ IDEA Community Edition 2022.1.3\jbr\bin\java.dll
0x00007fff7d400000 - 0x00007fff7d40b000 	C:\Program Files\JetBrains\IntelliJ IDEA Community Edition 2022.1.3\jbr\bin\jimage.dll
0x00007fff7c330000 - 0x00007fff7c349000 	C:\Program Files\JetBrains\IntelliJ IDEA Community Edition 2022.1.3\jbr\bin\zip.dll

dbghelp: loaded successfully - version: 4.0.5 - missing functions: none
symbol engine: initialized successfully - sym options: 0x614 - pdb path: .;C:\Program Files\JetBrains\IntelliJ IDEA Community Edition 2022.1.3\jbr\bin;C:\Windows\SYSTEM32;C:\Windows\WinSxS\amd64_microsoft.windows.common-controls_6595b64144ccf1df_6.0.22000.120_none_9d947278b86cc467;C:\Program Files\JetBrains\IntelliJ IDEA Community Edition 2022.1.3\jbr\bin\server

VM Arguments:
java_command: git4idea.http.GitAskPassApp Username for 'https://github.com': 
java_class_path (initial): C:/Program Files/JetBrains/IntelliJ IDEA Community Edition 2022.1.3/plugins/git4idea/lib/git4idea-rt.jar;C:/Program Files/JetBrains/IntelliJ IDEA Community Edition 2022.1.3/lib/externalProcess-rt.jar;C:/Program Files/JetBrains/IntelliJ IDEA Community Edition 2022.1.3/lib/app.jar;C:/Program Files/JetBrains/IntelliJ IDEA Community Edition 2022.1.3/lib/3rd-party-rt.jar
Launcher Type: SUN_STANDARD

[Global flags]
     intx CICompilerCount                          = 12                                        {product} {ergonomic}
     uint ConcGCThreads                            = 3                                         {product} {ergonomic}
     uint G1ConcRefinementThreads                  = 13                                        {product} {ergonomic}
   size_t G1HeapRegionSize                         = 1048576                                   {product} {ergonomic}
    uintx GCDrainStackTargetSize                   = 64                                        {product} {ergonomic}
   size_t InitialHeapSize                          = 132120576                                 {product} {ergonomic}
   size_t MarkStackSize                            = 4194304                                   {product} {ergonomic}
   size_t MaxHeapSize                              = 2088763392                                {product} {ergonomic}
   size_t MinHeapDeltaBytes                        = 1048576                                   {product} {ergonomic}
    uintx NonNMethodCodeHeapSize                   = 7594288                                {pd product} {ergonomic}
    uintx NonProfiledCodeHeapSize                  = 122031976                              {pd product} {ergonomic}
    uintx ProfiledCodeHeapSize                     = 122031976                              {pd product} {ergonomic}
    uintx ReservedCodeCacheSize                    = 251658240                              {pd product} {ergonomic}
     bool SegmentedCodeCache                       = true                                      {product} {ergonomic}
     bool UseCompressedClassPointers               = true                                 {lp64_product} {ergonomic}
     bool UseCompressedOops                        = true                                 {lp64_product} {ergonomic}
     bool UseG1GC                                  = true                                      {product} {ergonomic}
     bool UseLargePagesIndividualAllocation        = false                                  {pd product} {ergonomic}

Logging:
Log output configuration:
 #0: stdout all=warning uptime,level,tags
 #1: stderr all=off uptime,level,tags

Environment Variables:
JAVA_HOME=C:\Program Files\Java\jdk-18.0.1.1
PATH=C:\Program Files\Git\mingw64\libexec\git-core;C:\Program Files\Git\mingw64\libexec\git-core;C:\Program Files\Git\mingw64\bin;C:\Program Files\Git\usr\bin;C:\Users\seamu\bin;C:\Python27;C:\Python27\Scripts;C:\Program Files\Common Files\Oracle\Java\javapath;C:\Program Files (x86)\Common Files\Oracle\Java\javapath;C:\Windows\system32;C:\Windows;C:\Windows\System32\Wbem;C:\Windows\System32\WindowsPowerShell\v1.0;C:\Windows\System32\OpenSSH;C:\Program Files (x86)\NVIDIA Corporation\PhysX\Common;C:\Program Files\NVIDIA Corporation\NVIDIA NvDLISR;C:\Program Files\dotnet;C:\Program Files\Java\jdk-18.0.1.1;C:\Program Files\Git\cmd;C:\Program Files (x86)\Mercurial;C:\Ruby31-x64\bin;C:\Program Files (x86)\GNU Tools ARM Embedded\6 2017-q2-update\bin;C:\Program Files (x86)\apache-maven-3.8.6-bin\apache-maven-3.8.6;C:\Users\seamu\IJ;C:\gradle-7.5.1\bin
USERNAME=seamu
DISPLAY=:0.0
LC_ALL=en_US.UTF-8
OS=Windows_NT
PROCESSOR_IDENTIFIER=Intel64 Family 6 Model 165 Stepping 2, GenuineIntel



---------------  S Y S T E M  ---------------

OS: Windows 11 , 64 bit Build 22000 (10.0.22000.1219)
OS uptime: 9 days 7:13 hours

CPU:total 16 (initial active 16) (8 cores per cpu, 2 threads per core) family 6 model 165 stepping 2 microcode 0xf0, cmov, cx8, fxsr, mmx, sse, sse2, sse3, ssse3, sse4.1, sse4.2, popcnt, avx, avx2, aes, clmul, erms, 3dnowpref, lzcnt, ht, tsc, tscinvbit, bmi1, bmi2, adx, fma

Memory: 4k page, system-wide physical 7966M (104M free)
TotalPageFile size 32542M (AvailPageFile size 11M)
current process WorkingSet (physical memory assigned to process): 10M, peak: 10M
current process commit charge ("private bytes"): 198M, peak: 198M

vm_info: OpenJDK 64-Bit Server VM (11.0.15+10-b2043.56) for windows-amd64 JRE (11.0.15+10-b2043.56), built on May 16 2022 02:28:12 by "" with MS VC++ 14.0 (VS2015)

END.
